Case #1: 20436294 90426234
Case #2: 9990999 9990999
Case #3: 145578093 945178053
Case #4: 175198404 971158404
Case #5: 128198062 918128062
Case #6: 155530534 515530534
Case #7: 999999999 999999999
Case #8: 10 10
Case #9: 263033536 633033526
Case #10: 181355259 981355251
Case #11: 189923057 981923057
Case #12: 26438949 96432849
Case #13: 269954340 964952340
Case #14: 376660869 976660863
Case #15: 135466572 715466532
Case #16: 348536300 834536300
Case #17: 499967987 994967987
Case #18: 349079533 947039533
Case #19: 0 0
Case #20: 17429777 91427777
